  stdafx.cpp
  Simple Ray Tracer.cpp
c:\users\gen\documents\graphics programming\ray tracer by shirley\simple ray tracer\simple ray tracer\vec3.h(526): warning C4244: 'argument': conversion from 'double' to 'float', possible loss of data
c:\users\gen\documents\graphics programming\ray tracer by shirley\simple ray tracer\simple ray tracer\aabb.h(45): warning C4267: 'argument': conversion from 'size_t' to 'int', possible loss of data
c:\users\gen\documents\graphics programming\ray tracer by shirley\simple ray tracer\simple ray tracer\aabb.h(46): warning C4267: 'argument': conversion from 'size_t' to 'int', possible loss of data
c:\users\gen\documents\graphics programming\ray tracer by shirley\simple ray tracer\simple ray tracer\hitable.h(86): warning C4244: 'initializing': conversion from 'double' to 'float', possible loss of data
c:\users\gen\documents\graphics programming\ray tracer by shirley\simple ray tracer\simple ray tracer\hitable.h(95): warning C4244: 'argument': conversion from 'int' to 'float', possible loss of data
c:\users\gen\documents\graphics programming\ray tracer by shirley\simple ray tracer\simple ray tracer\hitable.h(96): warning C4244: 'argument': conversion from 'int' to 'float', possible loss of data
c:\users\gen\documents\graphics programming\ray tracer by shirley\simple ray tracer\simple ray tracer\hitable.h(97): warning C4244: 'argument': conversion from 'int' to 'float', possible loss of data
c:\users\gen\documents\graphics programming\ray tracer by shirley\simple ray tracer\simple ray tracer\hitable_list.h(50): warning C4244: 'argument': conversion from 'double' to 'float', possible loss of data
c:\users\gen\documents\graphics programming\ray tracer by shirley\simple ray tracer\simple ray tracer\camera.h(14): warning C4244: 'argument': conversion from 'double' to 'float', possible loss of data
c:\users\gen\documents\graphics programming\ray tracer by shirley\simple ray tracer\simple ray tracer\camera.h(26): warning C4244: 'initializing': conversion from 'double' to 'float', possible loss of data
c:\users\gen\documents\graphics programming\ray tracer by shirley\simple ray tracer\simple ray tracer\camera.h(40): warning C4244: 'initializing': conversion from 'double' to 'float', possible loss of data
c:\users\gen\documents\graphics programming\ray tracer by shirley\simple ray tracer\simple ray tracer\material.h(23): warning C4244: 'argument': conversion from 'double' to 'float', possible loss of data
c:\users\gen\documents\graphics programming\ray tracer by shirley\simple ray tracer\simple ray tracer\material.h(37): warning C4244: 'initializing': conversion from 'double' to 'float', possible loss of data
c:\users\gen\documents\graphics programming\ray tracer by shirley\simple ray tracer\simple ray tracer\material.h(126): warning C4244: '=': conversion from 'double' to 'float', possible loss of data
c:\users\gen\documents\graphics programming\ray tracer by shirley\simple ray tracer\simple ray tracer\aarect.h(13): warning C4244: 'argument': conversion from 'double' to 'float', possible loss of data
c:\users\gen\documents\graphics programming\ray tracer by shirley\simple ray tracer\simple ray tracer\aarect.h(26): warning C4244: 'argument': conversion from 'double' to 'float', possible loss of data
c:\users\gen\documents\graphics programming\ray tracer by shirley\simple ray tracer\simple ray tracer\aarect.h(39): warning C4244: 'argument': conversion from 'double' to 'float', possible loss of data
c:\users\gen\documents\graphics programming\ray tracer by shirley\simple ray tracer\simple ray tracer\simple ray tracer.cpp(43): warning C4305: 'argument': truncation from 'double' to 'float'
c:\users\gen\documents\graphics programming\ray tracer by shirley\simple ray tracer\simple ray tracer\simple ray tracer.cpp(60): warning C4305: 'argument': truncation from 'double' to 'float'
c:\users\gen\documents\graphics programming\ray tracer by shirley\simple ray tracer\simple ray tracer\simple ray tracer.cpp(61): warning C4305: 'argument': truncation from 'double' to 'float'
c:\users\gen\documents\graphics programming\ray tracer by shirley\simple ray tracer\simple ray tracer\simple ray tracer.cpp(62): warning C4305: 'argument': truncation from 'double' to 'float'
c:\users\gen\documents\graphics programming\ray tracer by shirley\simple ray tracer\simple ray tracer\simple ray tracer.cpp(63): warning C4305: 'argument': truncation from 'double' to 'float'
c:\users\gen\documents\graphics programming\ray tracer by shirley\simple ray tracer\simple ray tracer\simple ray tracer.cpp(76): warning C4305: 'argument': truncation from 'double' to 'float'
c:\users\gen\documents\graphics programming\ray tracer by shirley\simple ray tracer\simple ray tracer\simple ray tracer.cpp(77): warning C4305: 'argument': truncation from 'double' to 'float'
c:\users\gen\documents\graphics programming\ray tracer by shirley\simple ray tracer\simple ray tracer\simple ray tracer.cpp(86): warning C4305: 'argument': truncation from 'double' to 'float'
c:\users\gen\documents\graphics programming\ray tracer by shirley\simple ray tracer\simple ray tracer\simple ray tracer.cpp(93): warning C4244: 'initializing': conversion from 'double' to 'float', possible loss of data
c:\users\gen\documents\graphics programming\ray tracer by shirley\simple ray tracer\simple ray tracer\simple ray tracer.cpp(94): warning C4244: 'argument': conversion from 'double' to 'float', possible loss of data
c:\users\gen\documents\graphics programming\ray tracer by shirley\simple ray tracer\simple ray tracer\simple ray tracer.cpp(94): warning C4305: 'argument': truncation from 'double' to 'float'
c:\users\gen\documents\graphics programming\ray tracer by shirley\simple ray tracer\simple ray tracer\simple ray tracer.cpp(95): warning C4305: 'argument': truncation from 'double' to 'float'
c:\users\gen\documents\graphics programming\ray tracer by shirley\simple ray tracer\simple ray tracer\simple ray tracer.cpp(97): warning C4244: 'argument': conversion from 'double' to 'float', possible loss of data
c:\users\gen\documents\graphics programming\ray tracer by shirley\simple ray tracer\simple ray tracer\simple ray tracer.cpp(101): warning C4244: 'argument': conversion from 'double' to 'float', possible loss of data
c:\users\gen\documents\graphics programming\ray tracer by shirley\simple ray tracer\simple ray tracer\simple ray tracer.cpp(101): warning C4305: 'argument': truncation from 'double' to 'float'
c:\users\gen\documents\graphics programming\ray tracer by shirley\simple ray tracer\simple ray tracer\simple ray tracer.cpp(104): warning C4305: 'argument': truncation from 'double' to 'float'
c:\users\gen\documents\graphics programming\ray tracer by shirley\simple ray tracer\simple ray tracer\simple ray tracer.cpp(111): warning C4305: 'argument': truncation from 'double' to 'float'
c:\users\gen\documents\graphics programming\ray tracer by shirley\simple ray tracer\simple ray tracer\simple ray tracer.cpp(112): warning C4305: 'argument': truncation from 'double' to 'float'
c:\users\gen\documents\graphics programming\ray tracer by shirley\simple ray tracer\simple ray tracer\simple ray tracer.cpp(147): warning C4244: 'initializing': conversion from 'float' to 'int', possible loss of data
c:\users\gen\documents\graphics programming\ray tracer by shirley\simple ray tracer\simple ray tracer\vec3.h(109): warning C4715: 'vec3::operator[]': not all control paths return a value
  Simple Ray Tracer.vcxproj -> C:\Users\Gen\Documents\Graphics Programming\Ray Tracer by Shirley\Simple Ray Tracer\x64\Debug\Simple Ray Tracer.exe
