  Simple Ray Tracer.cpp
c:\users\gen\documents\graphics programming\ray tracer by shirley\simple ray tracer\simple ray tracer\vec3.h(259): warning C4244: 'argument': conversion from 'double' to 'float', possible loss of data
c:\users\gen\documents\graphics programming\ray tracer by shirley\simple ray tracer\simple ray tracer\aabb.h(45): warning C4267: 'argument': conversion from 'size_t' to 'int', possible loss of data
c:\users\gen\documents\graphics programming\ray tracer by shirley\simple ray tracer\simple ray tracer\aabb.h(46): warning C4267: 'argument': conversion from 'size_t' to 'int', possible loss of data
c:\users\gen\documents\graphics programming\ray tracer by shirley\simple ray tracer\simple ray tracer\hitable.h(86): warning C4244: 'initializing': conversion from 'double' to 'float', possible loss of data
c:\users\gen\documents\graphics programming\ray tracer by shirley\simple ray tracer\simple ray tracer\hitable.h(95): warning C4244: 'argument': conversion from 'int' to 'float', possible loss of data
c:\users\gen\documents\graphics programming\ray tracer by shirley\simple ray tracer\simple ray tracer\hitable.h(96): warning C4244: 'argument': conversion from 'int' to 'float', possible loss of data
c:\users\gen\documents\graphics programming\ray tracer by shirley\simple ray tracer\simple ray tracer\hitable.h(97): warning C4244: 'argument': conversion from 'int' to 'float', possible loss of data
c:\users\gen\documents\graphics programming\ray tracer by shirley\simple ray tracer\simple ray tracer\hitable_list.h(50): warning C4244: 'argument': conversion from 'double' to 'float', possible loss of data
c:\users\gen\documents\graphics programming\ray tracer by shirley\simple ray tracer\simple ray tracer\camera.h(14): warning C4244: 'argument': conversion from 'double' to 'float', possible loss of data
c:\users\gen\documents\graphics programming\ray tracer by shirley\simple ray tracer\simple ray tracer\camera.h(26): warning C4244: 'initializing': conversion from 'double' to 'float', possible loss of data
c:\users\gen\documents\graphics programming\ray tracer by shirley\simple ray tracer\simple ray tracer\camera.h(40): warning C4244: 'initializing': conversion from 'double' to 'float', possible loss of data
c:\users\gen\documents\graphics programming\ray tracer by shirley\simple ray tracer\simple ray tracer\material.h(23): warning C4244: 'argument': conversion from 'double' to 'float', possible loss of data
c:\users\gen\documents\graphics programming\ray tracer by shirley\simple ray tracer\simple ray tracer\material.h(37): warning C4244: 'initializing': conversion from 'double' to 'float', possible loss of data
c:\users\gen\documents\graphics programming\ray tracer by shirley\simple ray tracer\simple ray tracer\material.h(126): warning C4244: '=': conversion from 'double' to 'float', possible loss of data
c:\users\gen\documents\graphics programming\ray tracer by shirley\simple ray tracer\simple ray tracer\aarect.h(13): warning C4244: 'argument': conversion from 'double' to 'float', possible loss of data
c:\users\gen\documents\graphics programming\ray tracer by shirley\simple ray tracer\simple ray tracer\aarect.h(26): warning C4244: 'argument': conversion from 'double' to 'float', possible loss of data
c:\users\gen\documents\graphics programming\ray tracer by shirley\simple ray tracer\simple ray tracer\aarect.h(39): warning C4244: 'argument': conversion from 'double' to 'float', possible loss of data
c:\users\gen\documents\graphics programming\ray tracer by shirley\simple ray tracer\simple ray tracer\simple ray tracer.cpp(44): warning C4305: 'argument': truncation from 'double' to 'float'
c:\users\gen\documents\graphics programming\ray tracer by shirley\simple ray tracer\simple ray tracer\simple ray tracer.cpp(61): warning C4305: 'argument': truncation from 'double' to 'float'
c:\users\gen\documents\graphics programming\ray tracer by shirley\simple ray tracer\simple ray tracer\simple ray tracer.cpp(62): warning C4305: 'argument': truncation from 'double' to 'float'
c:\users\gen\documents\graphics programming\ray tracer by shirley\simple ray tracer\simple ray tracer\simple ray tracer.cpp(63): warning C4305: 'argument': truncation from 'double' to 'float'
c:\users\gen\documents\graphics programming\ray tracer by shirley\simple ray tracer\simple ray tracer\simple ray tracer.cpp(64): warning C4305: 'argument': truncation from 'double' to 'float'
c:\users\gen\documents\graphics programming\ray tracer by shirley\simple ray tracer\simple ray tracer\simple ray tracer.cpp(75): warning C4305: 'argument': truncation from 'double' to 'float'
c:\users\gen\documents\graphics programming\ray tracer by shirley\simple ray tracer\simple ray tracer\simple ray tracer.cpp(76): warning C4305: 'argument': truncation from 'double' to 'float'
c:\users\gen\documents\graphics programming\ray tracer by shirley\simple ray tracer\simple ray tracer\simple ray tracer.cpp(112): warning C4244: 'initializing': conversion from 'float' to 'int', possible loss of data
  Generating code
  2 of 465 functions ( 0.4%) were compiled, the rest were copied from previous compilation.
    0 functions were new in current compilation
    34 functions had inline decision re-evaluated but remain unchanged
  Finished generating code
  Simple Ray Tracer.vcxproj -> C:\Users\Gen\Documents\Graphics Programming\Ray Tracer by Shirley\Simple Ray Tracer\x64\Release\Simple Ray Tracer.exe
